<?xml version="1.0" encoding="UTF-8"?>
<testng-results skipped="0" failed="0" ignored="0" total="1" passed="1">
  <reporter-output>
  </reporter-output>
  <suite name="Default suite" duration-ms="13864" started-at="2021-06-12T12:14:45 IST" finished-at="2021-06-12T12:14:59 IST">
    <groups>
    </groups>
    <test name="Default test" duration-ms="13864" started-at="2021-06-12T12:14:45 IST" finished-at="2021-06-12T12:14:59 IST">
      <class name="Org.kjh.BaseClass">
        <test-method status="PASS" signature="beforeClass()[pri:0, instance:Org.kjh.BaseClass@3cb1ffe6]" name="beforeClass" is-config="true" duration-ms="14" started-at="2021-06-12T12:14:45 IST" finished-at="2021-06-12T12:14:45 IST">
          <reporter-output>
          </reporter-output>
        </test-method> <!-- beforeClass -->
        <test-method status="PASS" signature="beforeMethod()[pri:0, instance:Org.kjh.BaseClass@3cb1ffe6]" name="beforeMethod" is-config="true" duration-ms="7621" started-at="2021-06-12T12:14:45 IST" finished-at="2021-06-12T12:14:53 IST">
          <reporter-output>
          </reporter-output>
        </test-method> <!-- beforeMethod -->
        <test-method status="PASS" signature="tsetCase()[pri:0, instance:Org.kjh.BaseClass@3cb1ffe6]" name="tsetCase" duration-ms="329" started-at="2021-06-12T12:14:53 IST" finished-at="2021-06-12T12:14:53 IST">
          <reporter-output>
          </reporter-output>
        </test-method> <!-- tsetCase -->
        <test-method status="PASS" signature="afterMethod()[pri:0, instance:Org.kjh.BaseClass@3cb1ffe6]" name="afterMethod" is-config="true" duration-ms="5839" started-at="2021-06-12T12:14:53 IST" finished-at="2021-06-12T12:14:59 IST">
          <reporter-output>
          </reporter-output>
        </test-method> <!-- afterMethod -->
        <test-method status="PASS" signature="afterClass()[pri:0, instance:Org.kjh.BaseClass@3cb1ffe6]" name="afterClass" is-config="true" duration-ms="1" started-at="2021-06-12T12:14:59 IST" finished-at="2021-06-12T12:14:59 IST">
          <reporter-output>
          </reporter-output>
        </test-method> <!-- afterClass -->
      </class> <!-- Org.kjh.BaseClass -->
    </test> <!-- Default test -->
  </suite> <!-- Default suite -->
</testng-results>
